0 info it worked if it ends with ok
1 verbose cli [ '/Users/Daddy/.nvm/versions/node/v0.12.18/bin/node',
1 verbose cli   '/Users/Daddy/.nvm/versions/node/v0.12.18/bin/npm',
1 verbose cli   'run',
1 verbose cli   'react-dev' ]
2 info using npm@2.15.11
3 info using node@v0.12.18
4 verbose run-script [ 'prereact-dev', 'react-dev', 'postreact-dev' ]
5 info prereact-dev fec@1.0.0
6 info react-dev fec@1.0.0
7 verbose unsafe-perm in lifecycle true
8 info fec@1.0.0 Failed to exec react-dev script
9 verbose stack Error: fec@1.0.0 react-dev: `webpack -d --watch`
9 verbose stack Exit status 1
9 verbose stack     at EventEmitter.<anonymous> (/Users/Daddy/.nvm/versions/node/v0.12.18/lib/node_modules/npm/lib/utils/lifecycle.js:217:16)
9 verbose stack     at EventEmitter.emit (events.js:110:17)
9 verbose stack     at ChildProcess.<anonymous> (/Users/Daddy/.nvm/versions/node/v0.12.18/lib/node_modules/npm/lib/utils/spawn.js:24:14)
9 verbose stack     at ChildProcess.emit (events.js:110:17)
9 verbose stack     at maybeClose (child_process.js:1019:16)
9 verbose stack     at Process.ChildProcess._handle.onexit (child_process.js:1091:5)
10 verbose pkgid fec@1.0.0
11 verbose cwd /Users/Daddy/HackReactor/stock-chart/FEC
12 error Darwin 18.5.0
13 error argv "/Users/Daddy/.nvm/versions/node/v0.12.18/bin/node" "/Users/Daddy/.nvm/versions/node/v0.12.18/bin/npm" "run" "react-dev"
14 error node v0.12.18
15 error npm  v2.15.11
16 error code ELIFECYCLE
17 error fec@1.0.0 react-dev: `webpack -d --watch`
17 error Exit status 1
18 error Failed at the fec@1.0.0 react-dev script 'webpack -d --watch'.
18 error This is most likely a problem with the fec package,
18 error not with npm itself.
18 error Tell the author that this fails on your system:
18 error     webpack -d --watch
18 error You can get information on how to open an issue for this project with:
18 error     npm bugs fec
18 error Or if that isn't available, you can get their info via:
18 error
18 error     npm owner ls fec
18 error There is likely additional logging output above.
19 verbose exit [ 1, true ]
